#
# There is insufficient memory for the Java Runtime Environment to continue.
# Native memory allocation (mmap) failed to map 132120576 bytes for G1 virtual space
# Possible reasons:
#   The system is out of physical RAM or swap space
#   The process is running with CompressedOops enabled, and the Java Heap may be blocking the growth of the native heap
# Possible solutions:
#   Reduce memory load on the system
#   Increase physical memory or swap space
#   Check if swap backing store is full
#   Decrease Java heap size (-Xmx/-Xms)
#   Decrease number of Java threads
#   Decrease Java thread stack sizes (-Xss)
#   Set larger code cache with -XX:ReservedCodeCacheSize=
#   JVM is running with Unscaled Compressed Oops mode in which the Java heap is
#     placed in the first 4GB address space. The Java Heap base address is the
#     maximum limit for the native heap growth. Please use -XX:HeapBaseMinAddress
#     to set the Java Heap base and to place the Java Heap above 4GB virtual address.
# This output file may be truncated or incomplete.
#
#  Out of Memory Error (os_windows.cpp:3535), pid=24552, tid=19092
#
# JRE version:  (17.0.3+7) (build )
# Java VM: OpenJDK 64-Bit Server VM (17.0.3+7, mixed mode, sharing, tiered, compressed oops, compressed class ptrs, g1 gc, windows-amd64)
# No core dump will be written. Minidumps are not enabled by default on client versions of Windows
#

---------------  S U M M A R Y ------------

Command Line: C:\Users\dharv\AppData\Local\Temp\surefire7258346149125553718\surefirebooter14368987288768986071.jar C:\Users\dharv\AppData\Local\Temp\surefire7258346149125553718 2022-09-26T11-46-38_080-jvmRun1 surefire8684424441892200196tmp surefire_06378954631782596406tmp

Host: Intel(R) Core(TM) i5-10210U CPU @ 1.60GHz, 8 cores, 7G,  Windows 11 , 64 bit Build 22621 (10.0.22621.436)
Time: Mon Sep 26 11:46:38 2022 India Standard Time elapsed time: 0.020996 seconds (0d 0h 0m 0s)

---------------  T H R E A D  ---------------

Current thread (0x00000245d071fe90):  JavaThread "Unknown thread" [_thread_in_vm, id=19092, stack(0x000000897c800000,0x000000897c900000)]

Stack: [0x000000897c800000,0x000000897c900000]
Native frames: (J=compiled Java code, j=interpreted, Vv=VM code, C=native code)
V  [jvm.dll+0x675efa]
V  [jvm.dll+0x830a24]
V  [jvm.dll+0x8321ce]
V  [jvm.dll+0x832833]
V  [jvm.dll+0x2454b5]
V  [jvm.dll+0x672de9]
V  [jvm.dll+0x667732]
V  [jvm.dll+0x3043ab]
V  [jvm.dll+0x30b8f6]
V  [jvm.dll+0x35b62e]
V  [jvm.dll+0x35b85f]
V  [jvm.dll+0x2db248]
V  [jvm.dll+0x2dc1b4]
V  [jvm.dll+0x802651]
V  [jvm.dll+0x3693b1]
V  [jvm.dll+0x7e1aac]
V  [jvm.dll+0x3ebd8f]
V  [jvm.dll+0x3ed911]
C  [jli.dll+0x5277]
C  [ucrtbase.dll+0x29363]
C  [KERNEL32.DLL+0x1244d]
C  [ntdll.dll+0x5df78]


---------------  P R O C E S S  ---------------

Threads class SMR info:
_java_thread_list=0x00007fff55536e98, length=0, elements={
}

Java Threads: ( => current thread )

Other Threads:
  0x00000245d077f030 GCTaskThread "GC Thread#0" [stack: 0x000000897c900000,0x000000897ca00000] [id=25432]
  0x00000245d078fc00 ConcurrentGCThread "G1 Main Marker" [stack: 0x000000897ca00000,0x000000897cb00000] [id=5308]
  0x00000245d0790db0 ConcurrentGCThread "G1 Conc#0" [stack: 0x000000897cb00000,0x000000897cc00000] [id=3008]

[error occurred during error reporting (printing all threads), id 0xc0000005, EXCEPTION_ACCESS_VIOLATION (0xc0000005) at pc=0x00007fff54d0bcd7]

VM state: not at safepoint (not fully initialized)

VM Mutex/Monitor currently owned by a thread:  ([mutex/lock_event])
[0x00000245ce545800] Heap_lock - owner thread: 0x00000245d071fe90

Heap address: 0x0000000082a00000, size: 2006 MB, Compressed Oops mode: 32-bit

CDS archive(s) mapped at: [0x0000000000000000-0x0000000000000000-0x0000000000000000), size 0, SharedBaseAddress: 0x0000000800000000, ArchiveRelocationMode: 0.
Narrow klass base: 0x0000000000000000, Narrow klass shift: 0, Narrow klass range: 0x0

GC Precious Log:
<Empty>

Heap:
 garbage-first heap   total 0K, used 0K [0x0000000082a00000, 0x0000000100000000)
  region size 1024K, 0 young (0K), 0 survivors (0K)

[error occurred during error reporting (printing heap information), id 0xc0000005, EXCEPTION_ACCESS_VIOLATION (0xc0000005) at pc=0x00007fff550ef249]

GC Heap History (0 events):
No events

Deoptimization events (0 events):
No events

Classes unloaded (0 events):
No events

Classes redefined (0 events):
No events

Internal exceptions (0 events):
No events

VM Operations (0 events):
No events

Events (1 events):
Event: 0.015 Loaded shared library D:\sts-4.15.1.RELEASE\plugins\org.eclipse.justj.openjdk.hotspot.jre.full.win32.x86_64_17.0.3.v20220515-1416\jre\bin\java.dll


Dynamic libraries:
0x00007ff6cf840000 - 0x00007ff6cf84e000 	D:\sts-4.15.1.RELEASE\plugins\org.eclipse.justj.openjdk.hotspot.jre.full.win32.x86_64_17.0.3.v20220515-1416\jre\bin\java.exe
0x00007ff8086b0000 - 0x00007ff8088c4000 	C:\WINDOWS\SYSTEM32\ntdll.dll
0x00007ff806fb0000 - 0x00007ff807072000 	C:\WINDOWS\System32\KERNEL32.DLL
0x00007ff805cd0000 - 0x00007ff80606c000 	C:\WINDOWS\System32\KERNELBASE.dll
0x00007ff806320000 - 0x00007ff806431000 	C:\WINDOWS\System32\ucrtbase.dll
0x00007fffd8940000 - 0x00007fffd8958000 	D:\sts-4.15.1.RELEASE\plugins\org.eclipse.justj.openjdk.hotspot.jre.full.win32.x86_64_17.0.3.v20220515-1416\jre\bin\jli.dll
0x00007fffd8920000 - 0x00007fffd8939000 	D:\sts-4.15.1.RELEASE\plugins\org.eclipse.justj.openjdk.hotspot.jre.full.win32.x86_64_17.0.3.v20220515-1416\jre\bin\VCRUNTIME140.dll
0x00007ff8074f0000 - 0x00007ff80769b000 	C:\WINDOWS\System32\USER32.dll
0x00007fffeef10000 - 0x00007fffef19e000 	C:\WINDOWS\WinSxS\amd64_microsoft.windows.common-controls_6595b64144ccf1df_6.0.22621.436_none_a94247dbc10d8414\COMCTL32.dll
0x00007ff806250000 - 0x00007ff806276000 	C:\WINDOWS\System32\win32u.dll
0x00007ff808300000 - 0x00007ff8083a7000 	C:\WINDOWS\System32\msvcrt.dll
0x00007ff807080000 - 0x00007ff8070a9000 	C:\WINDOWS\System32\GDI32.dll
0x00007ff806130000 - 0x00007ff806242000 	C:\WINDOWS\System32\gdi32full.dll
0x00007ff806280000 - 0x00007ff80631a000 	C:\WINDOWS\System32\msvcp_win.dll
0x00007ff807fc0000 - 0x00007ff807ff1000 	C:\WINDOWS\System32\IMM32.DLL
0x00007fffd8c30000 - 0x00007fffd8c3c000 	D:\sts-4.15.1.RELEASE\plugins\org.eclipse.justj.openjdk.hotspot.jre.full.win32.x86_64_17.0.3.v20220515-1416\jre\bin\vcruntime140_1.dll
0x00007fffad520000 - 0x00007fffad5b1000 	D:\sts-4.15.1.RELEASE\plugins\org.eclipse.justj.openjdk.hotspot.jre.full.win32.x86_64_17.0.3.v20220515-1416\jre\bin\msvcp140.dll
0x00007fff54a20000 - 0x00007fff55668000 	D:\sts-4.15.1.RELEASE\plugins\org.eclipse.justj.openjdk.hotspot.jre.full.win32.x86_64_17.0.3.v20220515-1416\jre\bin\server\jvm.dll
0x00007ff806de0000 - 0x00007ff806e8e000 	C:\WINDOWS\System32\ADVAPI32.dll
0x00007ff8064c0000 - 0x00007ff806564000 	C:\WINDOWS\System32\sechost.dll
0x00007ff806e90000 - 0x00007ff806fa5000 	C:\WINDOWS\System32\RPCRT4.dll
0x00007ff8067a0000 - 0x00007ff8067a8000 	C:\WINDOWS\System32\PSAPI.DLL
0x00007ff800420000 - 0x00007ff800429000 	C:\WINDOWS\SYSTEM32\WSOCK32.dll
0x00007ffff02e0000 - 0x00007ffff0314000 	C:\WINDOWS\SYSTEM32\WINMM.dll
0x00007ffff9e30000 - 0x00007ffff9e3a000 	C:\WINDOWS\SYSTEM32\VERSION.dll
0x00007ff8085d0000 - 0x00007ff808641000 	C:\WINDOWS\System32\WS2_32.dll
0x00007ff804c60000 - 0x00007ff804c78000 	C:\WINDOWS\SYSTEM32\kernel.appcore.dll
0x00007fffe6e20000 - 0x00007fffe6e2a000 	D:\sts-4.15.1.RELEASE\plugins\org.eclipse.justj.openjdk.hotspot.jre.full.win32.x86_64_17.0.3.v20220515-1416\jre\bin\jimage.dll
0x00007ff802860000 - 0x00007ff802a8e000 	C:\WINDOWS\SYSTEM32\DBGHELP.DLL
0x00007ff807160000 - 0x00007ff8074e9000 	C:\WINDOWS\System32\combase.dll
0x00007ff808100000 - 0x00007ff8081d7000 	C:\WINDOWS\System32\OLEAUT32.dll
0x00007ffff8f80000 - 0x00007ffff8fb2000 	C:\WINDOWS\SYSTEM32\dbgcore.DLL
0x00007ff806440000 - 0x00007ff8064bb000 	C:\WINDOWS\System32\bcryptPrimitives.dll
0x00007fffd8e30000 - 0x00007fffd8e55000 	D:\sts-4.15.1.RELEASE\plugins\org.eclipse.justj.openjdk.hotspot.jre.full.win32.x86_64_17.0.3.v20220515-1416\jre\bin\java.dll

dbghelp: loaded successfully - version: 4.0.5 - missing functions: none
symbol engine: initialized successfully - sym options: 0x614 - pdb path: .;D:\sts-4.15.1.RELEASE\plugins\org.eclipse.justj.openjdk.hotspot.jre.full.win32.x86_64_17.0.3.v20220515-1416\jre\bin;C:\WINDOWS\SYSTEM32;C:\WINDOWS\WinSxS\amd64_microsoft.windows.common-controls_6595b64144ccf1df_6.0.22621.436_none_a94247dbc10d8414;D:\sts-4.15.1.RELEASE\plugins\org.eclipse.justj.openjdk.hotspot.jre.full.win32.x86_64_17.0.3.v20220515-1416\jre\bin\server

VM Arguments:
java_command: C:\Users\dharv\AppData\Local\Temp\surefire7258346149125553718\surefirebooter14368987288768986071.jar C:\Users\dharv\AppData\Local\Temp\surefire7258346149125553718 2022-09-26T11-46-38_080-jvmRun1 surefire8684424441892200196tmp surefire_06378954631782596406tmp
java_class_path (initial): C:\Users\dharv\AppData\Local\Temp\surefire7258346149125553718\surefirebooter14368987288768986071.jar
Launcher Type: SUN_STANDARD

[Global flags]
     intx CICompilerCount                          = 4                                         {product} {ergonomic}
     uint ConcGCThreads                            = 2                                         {product} {ergonomic}
     uint G1ConcRefinementThreads                  = 8                                         {product} {ergonomic}
   size_t G1HeapRegionSize                         = 1048576                                   {product} {ergonomic}
    uintx GCDrainStackTargetSize                   = 64                                        {product} {ergonomic}
   size_t InitialHeapSize                          = 132120576                                 {product} {ergonomic}
   size_t MarkStackSize                            = 4194304                                   {product} {ergonomic}
   size_t MaxHeapSize                              = 2103443456                                {product} {ergonomic}
   size_t MinHeapDeltaBytes                        = 1048576                                   {product} {ergonomic}
   size_t MinHeapSize                              = 8388608                                   {product} {ergonomic}
    uintx NonNMethodCodeHeapSize                   = 5839372                                {pd product} {ergonomic}
    uintx NonProfiledCodeHeapSize                  = 122909434                              {pd product} {ergonomic}
    uintx ProfiledCodeHeapSize                     = 122909434                              {pd product} {ergonomic}
    uintx ReservedCodeCacheSize                    = 251658240                              {pd product} {ergonomic}
     bool SegmentedCodeCache                       = true                                      {product} {ergonomic}
   size_t SoftMaxHeapSize                          = 2103443456                             {manageable} {ergonomic}
     bool UseCompressedClassPointers               = true                           {product lp64_product} {ergonomic}
     bool UseCompressedOops                        = true                           {product lp64_product} {ergonomic}
     bool UseG1GC                                  = true                                      {product} {ergonomic}
     bool UseLargePagesIndividualAllocation        = false                                  {pd product} {ergonomic}

Logging:
Log output configuration:
 #0: stdout all=warning uptime,level,tags
 #1: stderr all=off uptime,level,tags

Environment Variables:
PATH=D:/sts-4.15.1.RELEASE//plugins/org.eclipse.justj.openjdk.hotspot.jre.full.win32.x86_64_17.0.3.v20220515-1416/jre/bin/server;D:/sts-4.15.1.RELEASE//plugins/org.eclipse.justj.openjdk.hotspot.jre.full.win32.x86_64_17.0.3.v20220515-1416/jre/bin;C:\Program Files (x86)\Common Files\Oracle\Java\javapath;C:\MinGW64\mingw64\bin;C:\Program Files\Common Files\Oracle\Java\javapath;C:\Program Files (x86)\Common Files\Intel\Shared Files\cpp\bin\Intel64;C:\Windows\System32;C:\Windows;C:\Windows\System32\wbem;C:\Windows\System32\WindowsPowerShell\v1.0\;C:\Windows\System32\OpenSSH\;C:\Program Files (x86)\NVIDIA Corporation\PhysX\Common;C:\Program Files\NVIDIA Corporation\NVIDIA NvDLISR;C:\Program Files (x86)\GnuPG\bin;C:\Program Files\Genesis;C:\Program Files\PuTTY\;C:\WINDOWS\system32;C:\WINDOWS;C:\WINDOWS\System32\Wbem;C:\WINDOWS\System32\WindowsPowerShell\v1.0\;C:\WINDOWS\System32\OpenSSH\;C:\Program Files\Go\bin;C:\Program Files\Git\cmd;C:\Users\dharv\go\bin;C:\Users\dharv\go\bin;C:\Users\dharv\AppData\Local\Programs\Microsoft VS Code\bin;D:\sts-4.15.1.RELEASE;
USERNAME=dharv
OS=Windows_NT
PROCESSOR_IDENTIFIER=Intel64 Family 6 Model 142 Stepping 12, GenuineIntel



---------------  S Y S T E M  ---------------

OS:
 Windows 11 , 64 bit Build 22621 (10.0.22621.436)
OS uptime: 2 days 18:26 hours

CPU: total 8 (initial active 8) (4 cores per cpu, 2 threads per core) family 6 model 142 stepping 12 microcode 0xde, cx8, cmov, fxsr, ht, mmx, 3dnowpref, sse, sse2, sse3, ssse3, sse4.1, sse4.2, popcnt, lzcnt, tsc, tscinvbit, avx, avx2, aes, erms, clmul, bmi1, bmi2, adx, fma, vzeroupper, clflush, clflushopt

Memory: 4k page, system-wide physical 8022M (424M free)
TotalPageFile size 17710M (AvailPageFile size 81M)
current process WorkingSet (physical memory assigned to process): 11M, peak: 11M
current process commit charge ("private bytes"): 60M, peak: 186M

vm_info: OpenJDK 64-Bit Server VM (17.0.3+7) for windows-amd64 JRE (17.0.3+7), built on Apr 19 2022 16:55:35 by "" with MS VC++ 16.7 (VS2019)

END.
